after? [<antlr4.tree.Tree.TerminalNodeImpl object at 0x042D25B0>]
rule("Initialize Constants") {
   Event {
      Ongoing - Global;
   }

   Actions {
      Set Global Variable At Index(A, 0, Vector(2.500, 3.500, 75));
      Set Global Variable At Index(A, 1, Append To Array(Append To Array(Append To Array(Append To Array(Append To Array(Append To Array(Empty Array, Vector(-40, 0, 145.5)), Vector(-29, 8, 56)), Vector(-77.5, 1.5, 65.5)), Vector(-50.5, 1.5, 117)), Vector(43.5, 3.5, 73.5)), Vector(-115, 1.5, 112.5)));
      Set Global Variable At Index(A, 2, Append To Array(Append To Array(Append To Array(Append To Array(Append To Array(Append To Array(Empty Array, Vector(-31.5, 0, 148)), Vector(-22.5, 7.5, 66.5)), Vector(-82.5, 1.5, 61)), Vector(-59, 1, 104)), Vector(53.5, 3.5, 72.5)), Vector(-129, 2.5, 108.5)));
      Set Global Variable At Index(A, 3, Vector(-29, -2, 56));
      Set Global Variable At Index(A, 4, Vector(-54, 1, 109));
      Pause Match Time;
      Set Match Time(123);
   }
}

rule("Initialize Player Stats") {
   Event {
      Ongoing - Each Player;
      All;
      All;
   }

   Actions {
      Set Player Variable At Index(Event Player, A, 0, 0);
      Set Player Variable At Index(Event Player, A, 1, 0);
      Set Player Variable At Index(Event Player, A, 2, 0);
      Set Player Variable At Index(Event Player, A, 3, 0);
   }
}

rule("Initialize Portals") {
   Event {
      Ongoing - Global;
   }

   Actions {
      Set Global Variable At Index(A, 5, Empty Array);
      Create Effect(All Players(Team(All)), Good Aura, Yellow, Vector(-50, 1, 137.350), 1.5, Visible To);
      Set Global Variable At Index(A, 5, Append To Array(Empty Array, Vector(-50, 1, 137.350)));
      Create Effect(All Players(Team(All)), Good Aura, Yellow, Vector(-37, 6.5, 48), 1.5, Visible To);
      Set Global Variable At Index(A, 5, Append To Array(Append To Array(Empty Array, Vector(-50, 1, 137.350)), Vector(-37, 6.5, 48)));
      Create Effect(All Players(Team(All)), Good Aura, Yellow, Vector(-70, 1.5, 63.5), 1.5, Visible To);
      Set Global Variable At Index(A, 5, Append To Array(Append To Array(Append To Array(Empty Array, Vector(-50, 1, 137.350)), Vector(-37, 6.5, 48)), Vector(-70, 1.5, 63.5)));
      Create Effect(All Players(Team(All)), Good Aura, Yellow, Vector(-58, 2, 122), 1.5, Visible To);
      Set Global Variable At Index(A, 5, Append To Array(Append To Array(Append To Array(Append To Array(Empty Array, Vector(-50, 1, 137.350)), Vector(-37, 6.5, 48)), Vector(-70, 1.5, 63.5)), Vector(-58, 2, 122)));
      Create Effect(All Players(Team(All)), Good Aura, Yellow, Vector(41, 3.5, 78.5), 1.5, Visible To);
      Set Global Variable At Index(A, 5, Append To Array(Append To Array(Append To Array(Append To Array(Append To Array(Empty Array, Vector(-50, 1, 137.350)), Vector(-37, 6.5, 48)), Vector(-70, 1.5, 63.5)), Vector(-58, 2, 122)), Vector(41, 3.5, 78.5)));
      Create Effect(All Players(Team(All)), Good Aura, Yellow, Vector(-118.5, 1.5, 99.5), 1.5, Visible To);
      Set Global Variable At Index(A, 5, Append To Array(Append To Array(Append To Array(Append To Array(Append To Array(Append To Array(Empty Array, Vector(-50, 1, 137.350)), Vector(-37, 6.5, 48)), Vector(-70, 1.5, 63.5)), Vector(-58, 2, 122)), Vector(41, 3.5, 78.5)), Vector(-118.5, 1.5, 99.5)));
      Create Effect(All Players(Team(All)), Good Aura, Purple, Vector(-7.000, 3, 75), 1.5, Visible To);
   }
}

rule("Teleport to Shop") {
   Event {
      Ongoing - Each Player;
      All;
      All;
   }

   Conditions {
      Is True For Any(Value In Array(Global Variable(A), 5), Compare(Distance Between(Event Player, Current Array Element), <=, 1.5)) == True;
   }

   Actions {
      Teleport(Event Player, Value In Array(Global Variable(A), 0));
      Set Player Variable At Index(Event Player, A, 0, -1);
   }
}

rule("Teleport from Shop") {
   Event {
      Ongoing - Each Player;
      All;
      All;
   }

   Conditions {
      Is Communicating Any Voice Line(Event Player) == True;
   }

   Actions {
      Big Message(All Players(Team(All)), String("Hello", Null, Null, Null));
   }
}